Using pre-set license
Built from '2021.3/staging' branch; Version is '2021.3.13f1 (9e7d58001ecf) revision 10386776'; Using compiler version '192829333'; Build Type 'Release'
OS: 'Windows 10  (10.0.19045) 64bit Education' Language: 'ko' Physical Memory: 16326 MB
BatchMode: 1, IsHumanControllingUs: 0, StartBugReporterOnCrash: 0, Is64bit: 1, IsPro: 1

COMMAND LINE ARGUMENTS:
D:\Util\unity\2021.3.13f1\Editor\Unity.exe
-adb2
-batchMode
-noUpm
-name
AssetImportWorker2
-projectPath
D:/Privacy/study/ShootingGame_Study
-logFile
Logs/AssetImportWorker2.log
-srvPort
49838
Successfully changed project path to: D:/Privacy/study/ShootingGame_Study
D:/Privacy/study/ShootingGame_Study
[UnityMemory] Configuration Parameters - Can be set up in boot.config
    "memorysetup-bucket-allocator-granularity=16"
    "memorysetup-bucket-allocator-bucket-count=8"
    "memorysetup-bucket-allocator-block-size=33554432"
    "memorysetup-bucket-allocator-block-count=8"
    "memorysetup-main-allocator-block-size=16777216"
    "memorysetup-thread-allocator-block-size=16777216"
    "memorysetup-gfx-main-allocator-block-size=16777216"
    "memorysetup-gfx-thread-allocator-block-size=16777216"
    "memorysetup-cache-allocator-block-size=4194304"
    "memorysetup-typetree-allocator-block-size=2097152"
    "memorysetup-profiler-bucket-allocator-granularity=16"
    "memorysetup-profiler-bucket-allocator-bucket-count=8"
    "memorysetup-profiler-bucket-allocator-block-size=33554432"
    "memorysetup-profiler-bucket-allocator-block-count=8"
    "memorysetup-profiler-allocator-block-size=16777216"
    "memorysetup-profiler-editor-allocator-block-size=1048576"
    "memorysetup-temp-allocator-size-main=16777216"
    "memorysetup-job-temp-allocator-block-size=2097152"
    "memorysetup-job-temp-allocator-block-size-background=1048576"
    "memorysetup-job-temp-allocator-reduction-small-platforms=262144"
    "memorysetup-temp-allocator-size-background-worker=32768"
    "memorysetup-temp-allocator-size-job-worker=262144"
    "memorysetup-temp-allocator-size-preload-manager=33554432"
    "memorysetup-temp-allocator-size-nav-mesh-worker=65536"
    "memorysetup-temp-allocator-size-audio-worker=65536"
    "memorysetup-temp-allocator-size-cloud-worker=32768"
    "memorysetup-temp-allocator-size-gi-baking-worker=262144"
    "memorysetup-temp-allocator-size-gfx=262144"
Refreshing native plugins compatible for Editor in 77.19 ms, found 3 plugins.
Preloading 0 native plugins for Editor in 0.00 ms.
Initialize engine version: 2021.3.13f1 (9e7d58001ecf)
[Subsystems] Discovering subsystems at path D:/Util/unity/2021.3.13f1/Editor/Data/Resources/UnitySubsystems
[Subsystems] Discovering subsystems at path D:/Privacy/study/ShootingGame_Study/Assets
GfxDevice: creating device client; threaded=0; jobified=0
Direct3D:
    Version:  Direct3D 11.0 [level 11.1]
    Renderer: NVIDIA GeForce GTX 1660 (ID=0x2184)
    Vendor:   NVIDIA
    VRAM:     5991 MB
    Driver:   31.0.15.1694
Initialize mono
Mono path[0] = 'D:/Util/unity/2021.3.13f1/Editor/Data/Managed'
Mono path[1] = 'D:/Util/unity/2021.3.13f1/Editor/Data/MonoBleedingEdge/lib/mono/unityjit-win32'
Mono config path = 'D:/Util/unity/2021.3.13f1/Editor/Data/MonoBleedingEdge/etc'
Using monoOptions --debugger-agent=transport=dt_socket,embedding=1,server=y,suspend=n,address=127.0.0.1:56556
Begin MonoManager ReloadAssembly
Registering precompiled unity dll's ...
Register platform support module: D:/Util/unity/2021.3.13f1/Editor/Data/PlaybackEngines/AndroidPlayer/UnityEditor.Android.Extensions.dll
Register platform support module: D:/Util/unity/2021.3.13f1/Editor/Data/PlaybackEngines/WindowsStandaloneSupport/UnityEditor.WindowsStandalone.Extensions.dll
Registered in 0.003830 seconds.
Native extension for WindowsStandalone target not found
Native extension for Android target not found
Refreshing native plugins compatible for Editor in 78.32 ms, found 3 plugins.
Preloading 0 native plugins for Editor in 0.00 ms.
Mono: successfully reloaded assembly
- Completed reload, in  0.581 seconds
Domain Reload Profiling:
	ReloadAssembly (581ms)
		BeginReloadAssembly (65ms)
			ExecutionOrderSort (0ms)
			DisableScriptedObjects (0ms)
			BackupInstance (0ms)
			ReleaseScriptingObjects (0ms)
			CreateAndSetChildDomain (1ms)
		EndReloadAssembly (424ms)
			LoadAssemblies (65ms)
			RebuildTransferFunctionScriptingTraits (0ms)
			SetupTypeCache (97ms)
			ReleaseScriptCaches (0ms)
			RebuildScriptCaches (26ms)
			SetupLoadedEditorAssemblies (259ms)
				LogAssemblyErrors (0ms)
				InitializePlatformSupportModulesInManaged (49ms)
				SetLoadedEditorAssemblies (0ms)
				RefreshPlugins (79ms)
				BeforeProcessingInitializeOnLoad (1ms)
				ProcessInitializeOnLoadAttributes (89ms)
				ProcessInitializeOnLoadMethodAttributes (41ms)
				AfterProcessingInitializeOnLoad (0ms)
				EditorAssembliesLoaded (0ms)
			ExecutionOrderSort2 (0ms)
			AwakeInstancesAfterBackupRestoration (0ms)
Platform modules already initialized, skipping
Registering precompiled user dll's ...
Registered in 0.005096 seconds.
Begin MonoManager ReloadAssembly
Symbol file LoadedFromMemory doesn't match image D:\Privacy\study\ShootingGame_Study\Library\PackageCache\com.unity.visualscripting@1.7.8\Editor\VisualScripting.Core\Dependencies\YamlDotNet\Unity.VisualScripting.YamlDotNet.dll
Symbol file LoadedFromMemory doesn't match image D:\Privacy\study\ShootingGame_Study\Library\PackageCache\com.unity.visualscripting@1.7.8\Editor\VisualScripting.Core\Dependencies\DotNetZip\Unity.VisualScripting.IonicZip.dll
Native extension for WindowsStandalone target not found
Native extension for Android target not found
Refreshing native plugins compatible for Editor in 0.52 ms, found 3 plugins.
Preloading 0 native plugins for Editor in 0.00 ms.
Mono: successfully reloaded assembly
- Completed reload, in  1.056 seconds
Domain Reload Profiling:
	ReloadAssembly (1056ms)
		BeginReloadAssembly (216ms)
			ExecutionOrderSort (0ms)
			DisableScriptedObjects (5ms)
			BackupInstance (0ms)
			ReleaseScriptingObjects (0ms)
			CreateAndSetChildDomain (122ms)
		EndReloadAssembly (712ms)
			LoadAssemblies (94ms)
			RebuildTransferFunctionScriptingTraits (0ms)
			SetupTypeCache (248ms)
			ReleaseScriptCaches (1ms)
			RebuildScriptCaches (44ms)
			SetupLoadedEditorAssemblies (311ms)
				LogAssemblyErrors (0ms)
				InitializePlatformSupportModulesInManaged (11ms)
				SetLoadedEditorAssemblies (0ms)
				RefreshPlugins (1ms)
				BeforeProcessingInitializeOnLoad (75ms)
				ProcessInitializeOnLoadAttributes (193ms)
				ProcessInitializeOnLoadMethodAttributes (27ms)
				AfterProcessingInitializeOnLoad (3ms)
				EditorAssembliesLoaded (0ms)
			ExecutionOrderSort2 (0ms)
			AwakeInstancesAfterBackupRestoration (7ms)
Platform modules already initialized, skipping
========================================================================
Worker process is ready to serve import requests
Launched and connected shader compiler UnityShaderCompiler.exe after 0.05 seconds
Refreshing native plugins compatible for Editor in 0.53 ms, found 3 plugins.
Preloading 0 native plugins for Editor in 0.00 ms.
Unloading 3351 Unused Serialized files (Serialized files now loaded: 0)
Unloading 27 unused Assets / (113.9 KB). Loaded Objects now: 3813.
Memory consumption went from 120.7 MB to 120.5 MB.
Total: 3.104400 ms (FindLiveObjects: 0.246100 ms CreateObjectMapping: 0.128900 ms MarkObjects: 2.639300 ms  DeleteObjects: 0.089400 ms)

AssetImportParameters requested are different than current active one (requested -> active):
  custom:video-decoder-ogg-theora: a1e56fd34408186e4bbccfd4996cb3dc -> 
  custom:container-muxer-webm: aa71ff27fc2769a1b78a27578f13a17b -> 
  custom:container-demuxer-webm: 4f35f7cbe854078d1ac9338744f61a02 -> 
  custom:video-encoder-webm-vp8: eb34c28f22e8b96e1ab97ce403110664 -> 
  custom:audio-encoder-webm-vorbis: bf7c407c2cedff20999df2af8eb42d56 -> 
  custom:framework-win-MediaFoundation: 216162199b28c13a410421893ffa2e32 -> 
  custom:container-demuxer-ogg: 62fdf1f143b41e24485cea50d1cbac27 -> 
  custom:video-decoder-webm-vp8: 9c59270c3fd7afecdb556c50c9e8de78 -> 
  custom:audio-decoder-ogg-vorbis: bf7c407c2cedff20999df2af8eb42d56 -> 
========================================================================
Received Prepare
Registering precompiled user dll's ...
Registered in 0.005470 seconds.
Begin MonoManager ReloadAssembly
Symbol file LoadedFromMemory doesn't match image D:\Privacy\study\ShootingGame_Study\Library\PackageCache\com.unity.visualscripting@1.7.8\Editor\VisualScripting.Core\Dependencies\YamlDotNet\Unity.VisualScripting.YamlDotNet.dll
Symbol file LoadedFromMemory doesn't match image D:\Privacy\study\ShootingGame_Study\Library\PackageCache\com.unity.visualscripting@1.7.8\Editor\VisualScripting.Core\Dependencies\DotNetZip\Unity.VisualScripting.IonicZip.dll
Native extension for WindowsStandalone target not found
Native extension for Android target not found
Refreshing native plugins compatible for Editor in 0.85 ms, found 3 plugins.
Preloading 0 native plugins for Editor in 0.00 ms.
Mono: successfully reloaded assembly
- Completed reload, in  1.023 seconds
Domain Reload Profiling:
	ReloadAssembly (1024ms)
		BeginReloadAssembly (143ms)
			ExecutionOrderSort (0ms)
			DisableScriptedObjects (5ms)
			BackupInstance (0ms)
			ReleaseScriptingObjects (0ms)
			CreateAndSetChildDomain (38ms)
		EndReloadAssembly (765ms)
			LoadAssemblies (92ms)
			RebuildTransferFunctionScriptingTraits (0ms)
			SetupTypeCache (274ms)
			ReleaseScriptCaches (1ms)
			RebuildScriptCaches (35ms)
			SetupLoadedEditorAssemblies (344ms)
				LogAssemblyErrors (0ms)
				InitializePlatformSupportModulesInManaged (21ms)
				SetLoadedEditorAssemblies (1ms)
				RefreshPlugins (1ms)
				BeforeProcessingInitializeOnLoad (65ms)
				ProcessInitializeOnLoadAttributes (216ms)
				ProcessInitializeOnLoadMethodAttributes (37ms)
				AfterProcessingInitializeOnLoad (3ms)
				EditorAssembliesLoaded (0ms)
			ExecutionOrderSort2 (0ms)
			AwakeInstancesAfterBackupRestoration (7ms)
Platform modules already initialized, skipping
Refreshing native plugins compatible for Editor in 1.54 ms, found 3 plugins.
Preloading 0 native plugins for Editor in 0.00 ms.
Unloading 3346 Unused Serialized files (Serialized files now loaded: 0)
Unloading 20 unused Assets / (80.3 KB). Loaded Objects now: 3816.
Memory consumption went from 120.6 MB to 120.5 MB.
Total: 2.930800 ms (FindLiveObjects: 0.226500 ms CreateObjectMapping: 0.131200 ms MarkObjects: 2.501000 ms  DeleteObjects: 0.071500 ms)

AssetImportParameters requested are different than current active one (requested -> active):
  custom:video-decoder-ogg-theora: a1e56fd34408186e4bbccfd4996cb3dc -> 
  custom:container-muxer-webm: aa71ff27fc2769a1b78a27578f13a17b -> 
  custom:container-demuxer-webm: 4f35f7cbe854078d1ac9338744f61a02 -> 
  custom:video-encoder-webm-vp8: eb34c28f22e8b96e1ab97ce403110664 -> 
  custom:audio-encoder-webm-vorbis: bf7c407c2cedff20999df2af8eb42d56 -> 
  custom:framework-win-MediaFoundation: 216162199b28c13a410421893ffa2e32 -> 
  custom:container-demuxer-ogg: 62fdf1f143b41e24485cea50d1cbac27 -> 
  custom:video-decoder-webm-vp8: 9c59270c3fd7afecdb556c50c9e8de78 -> 
  custom:audio-decoder-ogg-vorbis: bf7c407c2cedff20999df2af8eb42d56 -> 
========================================================================
Received Prepare
Registering precompiled user dll's ...
Registered in 0.006871 seconds.
Begin MonoManager ReloadAssembly
Symbol file LoadedFromMemory doesn't match image D:\Privacy\study\ShootingGame_Study\Library\PackageCache\com.unity.visualscripting@1.7.8\Editor\VisualScripting.Core\Dependencies\YamlDotNet\Unity.VisualScripting.YamlDotNet.dll
Symbol file LoadedFromMemory doesn't match image D:\Privacy\study\ShootingGame_Study\Library\PackageCache\com.unity.visualscripting@1.7.8\Editor\VisualScripting.Core\Dependencies\DotNetZip\Unity.VisualScripting.IonicZip.dll
Native extension for WindowsStandalone target not found
Native extension for Android target not found
Refreshing native plugins compatible for Editor in 0.51 ms, found 3 plugins.
Preloading 0 native plugins for Editor in 0.00 ms.
Mono: successfully reloaded assembly
- Completed reload, in  0.932 seconds
Domain Reload Profiling:
	ReloadAssembly (933ms)
		BeginReloadAssembly (134ms)
			ExecutionOrderSort (0ms)
			DisableScriptedObjects (5ms)
			BackupInstance (0ms)
			ReleaseScriptingObjects (0ms)
			CreateAndSetChildDomain (40ms)
		EndReloadAssembly (713ms)
			LoadAssemblies (76ms)
			RebuildTransferFunctionScriptingTraits (0ms)
			SetupTypeCache (240ms)
			ReleaseScriptCaches (1ms)
			RebuildScriptCaches (39ms)
			SetupLoadedEditorAssemblies (319ms)
				LogAssemblyErrors (0ms)
				InitializePlatformSupportModulesInManaged (19ms)
				SetLoadedEditorAssemblies (0ms)
				RefreshPlugins (1ms)
				BeforeProcessingInitializeOnLoad (60ms)
				ProcessInitializeOnLoadAttributes (204ms)
				ProcessInitializeOnLoadMethodAttributes (31ms)
				AfterProcessingInitializeOnLoad (4ms)
				EditorAssembliesLoaded (0ms)
			ExecutionOrderSort2 (0ms)
			AwakeInstancesAfterBackupRestoration (8ms)
Platform modules already initialized, skipping
Refreshing native plugins compatible for Editor in 2.09 ms, found 3 plugins.
Preloading 0 native plugins for Editor in 0.00 ms.
Unloading 3346 Unused Serialized files (Serialized files now loaded: 0)
Unloading 20 unused Assets / (80.2 KB). Loaded Objects now: 3819.
Memory consumption went from 120.6 MB to 120.5 MB.
Total: 2.907000 ms (FindLiveObjects: 0.233600 ms CreateObjectMapping: 0.156400 ms MarkObjects: 2.420200 ms  DeleteObjects: 0.096100 ms)

AssetImportParameters requested are different than current active one (requested -> active):
  custom:video-decoder-ogg-theora: a1e56fd34408186e4bbccfd4996cb3dc -> 
  custom:container-muxer-webm: aa71ff27fc2769a1b78a27578f13a17b -> 
  custom:container-demuxer-webm: 4f35f7cbe854078d1ac9338744f61a02 -> 
  custom:video-encoder-webm-vp8: eb34c28f22e8b96e1ab97ce403110664 -> 
  custom:audio-encoder-webm-vorbis: bf7c407c2cedff20999df2af8eb42d56 -> 
  custom:framework-win-MediaFoundation: 216162199b28c13a410421893ffa2e32 -> 
  custom:container-demuxer-ogg: 62fdf1f143b41e24485cea50d1cbac27 -> 
  custom:video-decoder-webm-vp8: 9c59270c3fd7afecdb556c50c9e8de78 -> 
  custom:audio-decoder-ogg-vorbis: bf7c407c2cedff20999df2af8eb42d56 -> 
========================================================================
Received Import Request.
  Time since last request: 1203488.630456 seconds.
  path: Assets/Silly/Resources/Citizen/animation/female/f_death_A.FBX
  artifactKey: Guid(5566de18d4410f9418b94a1b46e05280) Importer(815301076,1909f56bfc062723c751e8b465ee728b)
Start importing Assets/Silly/Resources/Citizen/animation/female/f_death_A.FBX using Guid(5566de18d4410f9418b94a1b46e05280) Importer(815301076,1909f56bfc062723c751e8b465ee728b)  -> (artifact id: '36d260af522f5e384082c0d97555ce83') in 0.114913 seconds 
========================================================================
Received Import Request.
  Time since last request: 0.000020 seconds.
  path: Assets/Silly/Resources/Citizen/animation/female/f_fight/f_fight_attack_A.FBX
  artifactKey: Guid(32a0c0f1dc051f142b1212797d0daef2) Importer(815301076,1909f56bfc062723c751e8b465ee728b)
Start importing Assets/Silly/Resources/Citizen/animation/female/f_fight/f_fight_attack_A.FBX using Guid(32a0c0f1dc051f142b1212797d0daef2) Importer(815301076,1909f56bfc062723c751e8b465ee728b)  -> (artifact id: '9f9e649b6de879bf9ba67eb73366d615') in 0.008841 seconds 
========================================================================
Received Import Request.
  Time since last request: 11.944323 seconds.
  path: Assets/Silly/Resources/Citizen/animation/female/f_weapon/f_pistol_draw.FBX
  artifactKey: Guid(5c947b818c45f5f4e985f4c0280bfb62) Importer(815301076,1909f56bfc062723c751e8b465ee728b)
Start importing Assets/Silly/Resources/Citizen/animation/female/f_weapon/f_pistol_draw.FBX using Guid(5c947b818c45f5f4e985f4c0280bfb62) Importer(815301076,1909f56bfc062723c751e8b465ee728b)  -> (artifact id: '859fb60c0e8f5fdb23d69604e3b2ed01') in 0.008425 seconds 
========================================================================
Received Import Request.
  Time since last request: 0.000023 seconds.
  path: Assets/Silly/Resources/Citizen/animation/female/f_weapon/f_pistol_shoot_burst.FBX
  artifactKey: Guid(4721466cd925b73479177b3ed00ac204) Importer(815301076,1909f56bfc062723c751e8b465ee728b)
Start importing Assets/Silly/Resources/Citizen/animation/female/f_weapon/f_pistol_shoot_burst.FBX using Guid(4721466cd925b73479177b3ed00ac204) Importer(815301076,1909f56bfc062723c751e8b465ee728b)  -> (artifact id: '4547e227c4ad4253a2b14020a32061b0') in 0.010231 seconds 
========================================================================
Received Import Request.
  Time since last request: 0.000020 seconds.
  path: Assets/Silly/Resources/Citizen/animation/female/f_weapon/f_pistol_shoot.FBX
  artifactKey: Guid(01ee580673e86424f8efc6cda830d01b) Importer(815301076,1909f56bfc062723c751e8b465ee728b)
Start importing Assets/Silly/Resources/Citizen/animation/female/f_weapon/f_pistol_shoot.FBX using Guid(01ee580673e86424f8efc6cda830d01b) Importer(815301076,1909f56bfc062723c751e8b465ee728b)  -> (artifact id: '5794ca4a5159a03257a964d5873cd6e1') in 0.010942 seconds 
========================================================================
Received Import Request.
  Time since last request: 25.598657 seconds.
  path: Assets/Silly/Resources/Citizen/animation/male/fight/m_fight_attack_A.FBX
  artifactKey: Guid(21124986812b6d945b24528acc23f338) Importer(815301076,1909f56bfc062723c751e8b465ee728b)
Start importing Assets/Silly/Resources/Citizen/animation/male/fight/m_fight_attack_A.FBX using Guid(21124986812b6d945b24528acc23f338) Importer(815301076,1909f56bfc062723c751e8b465ee728b)  -> (artifact id: '4f5aebae0f5f2c62e13e963af481a701') in 0.008136 seconds 
========================================================================
Received Import Request.
  Time since last request: 0.000018 seconds.
  path: Assets/Silly/Resources/Citizen/animation/male/fight/m_fight_jump_B_loop.FBX
  artifactKey: Guid(d781b10e9d563ca4fa49643db4e7bf0e) Importer(815301076,1909f56bfc062723c751e8b465ee728b)
Start importing Assets/Silly/Resources/Citizen/animation/male/fight/m_fight_jump_B_loop.FBX using Guid(d781b10e9d563ca4fa49643db4e7bf0e) Importer(815301076,1909f56bfc062723c751e8b465ee728b)  -> (artifact id: 'c23d367c44b929cf0c1a574fc4049363') in 0.009724 seconds 
========================================================================
Received Import Request.
  Time since last request: 0.000019 seconds.
  path: Assets/Silly/Resources/Citizen/animation/male/fight/m_fight_run_rm.FBX
  artifactKey: Guid(fe4fd8f3ff00dc440964d82f7d24ac8a) Importer(815301076,1909f56bfc062723c751e8b465ee728b)
Start importing Assets/Silly/Resources/Citizen/animation/male/fight/m_fight_run_rm.FBX using Guid(fe4fd8f3ff00dc440964d82f7d24ac8a) Importer(815301076,1909f56bfc062723c751e8b465ee728b)  -> (artifact id: '5408f933980f00be4aedf598c6f2af06') in 0.009840 seconds 
========================================================================
Received Import Request.
  Time since last request: 0.000020 seconds.
  path: Assets/Silly/Resources/Citizen/animation/male/fight/m_fight_walk_rm.FBX
  artifactKey: Guid(9db06ad374c4bfb4cad2b21ab2458309) Importer(815301076,1909f56bfc062723c751e8b465ee728b)
Start importing Assets/Silly/Resources/Citizen/animation/male/fight/m_fight_walk_rm.FBX using Guid(9db06ad374c4bfb4cad2b21ab2458309) Importer(815301076,1909f56bfc062723c751e8b465ee728b)  -> (artifact id: 'c714512dfbeba1122675afe783430ca6') in 0.009523 seconds 
========================================================================
Received Import Request.
  Time since last request: 0.773464 seconds.
  path: Assets/Silly/Resources/Citizen/animation/male/melee/m_melee_combat_attack_A.FBX
  artifactKey: Guid(1efff89b452ceb346b3daed627319736) Importer(815301076,1909f56bfc062723c751e8b465ee728b)
Start importing Assets/Silly/Resources/Citizen/animation/male/melee/m_melee_combat_attack_A.FBX using Guid(1efff89b452ceb346b3daed627319736) Importer(815301076,1909f56bfc062723c751e8b465ee728b)  -> (artifact id: '5661885a4470be8199bfd95d604446a2') in 0.008361 seconds 
========================================================================
Received Import Request.
  Time since last request: 0.000017 seconds.
  path: Assets/Silly/Resources/Citizen/animation/male/melee/m_melee_jump_A_start.FBX
  artifactKey: Guid(58c378f68fd018444855f3db1432d965) Importer(815301076,1909f56bfc062723c751e8b465ee728b)
Start importing Assets/Silly/Resources/Citizen/animation/male/melee/m_melee_jump_A_start.FBX using Guid(58c378f68fd018444855f3db1432d965) Importer(815301076,1909f56bfc062723c751e8b465ee728b)  -> (artifact id: '675f247b94e079592b3448dd37ebdc50') in 0.008851 seconds 
========================================================================
Received Import Request.
  Time since last request: 0.000021 seconds.
  path: Assets/Silly/Resources/Citizen/animation/male/melee/m_melee_walk_rm.FBX
  artifactKey: Guid(279ef6993834bf445a120b5631c33fa3) Importer(815301076,1909f56bfc062723c751e8b465ee728b)
Start importing Assets/Silly/Resources/Citizen/animation/male/melee/m_melee_walk_rm.FBX using Guid(279ef6993834bf445a120b5631c33fa3) Importer(815301076,1909f56bfc062723c751e8b465ee728b)  -> (artifact id: '0f779d4c1ef85a4474f78decbbfa5562') in 0.008505 seconds 
========================================================================
Received Import Request.
  Time since last request: 0.000018 seconds.
  path: Assets/Silly/Resources/Citizen/animation/male/melee/m_melee_run_rm.FBX
  artifactKey: Guid(031efd6ab41aa75498c304e5d9b42f94) Importer(815301076,1909f56bfc062723c751e8b465ee728b)
Start importing Assets/Silly/Resources/Citizen/animation/male/melee/m_melee_run_rm.FBX using Guid(031efd6ab41aa75498c304e5d9b42f94) Importer(815301076,1909f56bfc062723c751e8b465ee728b)  -> (artifact id: 'fba2446d7f3f1e33844c0c7902f738d8') in 0.008003 seconds 
========================================================================
Received Import Request.
  Time since last request: 0.000019 seconds.
  path: Assets/Silly/Resources/Citizen/animation/male/melee/m_melee_draw.FBX
  artifactKey: Guid(ef0528540e134d7489e6a356a0649cb7) Importer(815301076,1909f56bfc062723c751e8b465ee728b)
Start importing Assets/Silly/Resources/Citizen/animation/male/melee/m_melee_draw.FBX using Guid(ef0528540e134d7489e6a356a0649cb7) Importer(815301076,1909f56bfc062723c751e8b465ee728b)  -> (artifact id: '76de37930df73db03a6d35809c8de393') in 0.009070 seconds 
========================================================================
Received Import Request.
  Time since last request: 0.000021 seconds.
  path: Assets/Silly/Resources/Citizen/animation/male/melee/m_melee_run.FBX
  artifactKey: Guid(3530152144c31964f8b311e45fd015ce) Importer(815301076,1909f56bfc062723c751e8b465ee728b)
Start importing Assets/Silly/Resources/Citizen/animation/male/melee/m_melee_run.FBX using Guid(3530152144c31964f8b311e45fd015ce) Importer(815301076,1909f56bfc062723c751e8b465ee728b)  -> (artifact id: '6a08b72107efa30cc1c3362fb8e9f4b1') in 0.009876 seconds 
========================================================================
Received Import Request.
  Time since last request: 0.000018 seconds.
  path: Assets/Silly/Resources/Citizen/animation/male/melee/m_melee_walk.FBX
  artifactKey: Guid(e3537cc48815d284cbf9e2bedb09b3b9) Importer(815301076,1909f56bfc062723c751e8b465ee728b)
Start importing Assets/Silly/Resources/Citizen/animation/male/melee/m_melee_walk.FBX using Guid(e3537cc48815d284cbf9e2bedb09b3b9) Importer(815301076,1909f56bfc062723c751e8b465ee728b)  -> (artifact id: 'b4fcf038c79a784588b04275c4602758') in 0.008952 seconds 
========================================================================
Received Import Request.
  Time since last request: 0.000028 seconds.
  path: Assets/Silly/Resources/Citizen/animation/male/melee/m_melee_jump_B_loop.FBX
  artifactKey: Guid(250df6a11783c46468e3cfad3ace0b0b) Importer(815301076,1909f56bfc062723c751e8b465ee728b)
Start importing Assets/Silly/Resources/Citizen/animation/male/melee/m_melee_jump_B_loop.FBX using Guid(250df6a11783c46468e3cfad3ace0b0b) Importer(815301076,1909f56bfc062723c751e8b465ee728b)  -> (artifact id: 'cb5eba3eb1e2114638517403a9c18697') in 0.010074 seconds 
========================================================================
Received Import Request.
  Time since last request: 0.000022 seconds.
  path: Assets/Silly/Resources/Citizen/animation/male/melee/m_melee_combat_throw.FBX
  artifactKey: Guid(6fe39a75552b51f42bfb7c6f8b3bb08b) Importer(815301076,1909f56bfc062723c751e8b465ee728b)
Start importing Assets/Silly/Resources/Citizen/animation/male/melee/m_melee_combat_throw.FBX using Guid(6fe39a75552b51f42bfb7c6f8b3bb08b) Importer(815301076,1909f56bfc062723c751e8b465ee728b)  -> (artifact id: 'ec639f4af5207c007b6004f3c3bfe018') in 0.008573 seconds 
========================================================================
Received Import Request.
  Time since last request: 29.279646 seconds.
  path: Assets/Silly/Resources/Citizen/animation/female/f_fight/f_fight_jump_A_start.FBX
  artifactKey: Guid(fab7574ee2798e242af8888b5926a503) Importer(815301076,1909f56bfc062723c751e8b465ee728b)
Start importing Assets/Silly/Resources/Citizen/animation/female/f_fight/f_fight_jump_A_start.FBX using Guid(fab7574ee2798e242af8888b5926a503) Importer(815301076,1909f56bfc062723c751e8b465ee728b)  -> (artifact id: 'ac5c0578e856664f200a8f6e0449923d') in 0.009271 seconds 
========================================================================
Received Import Request.
  Time since last request: 0.000017 seconds.
  path: Assets/Silly/Resources/Citizen/animation/female/f_melee/f_melee_combat_attack_A.FBX
  artifactKey: Guid(94465f07f3e89394fbd24659c1db9ebf) Importer(815301076,1909f56bfc062723c751e8b465ee728b)
Start importing Assets/Silly/Resources/Citizen/animation/female/f_melee/f_melee_combat_attack_A.FBX using Guid(94465f07f3e89394fbd24659c1db9ebf) Importer(815301076,1909f56bfc062723c751e8b465ee728b)  -> (artifact id: 'd889668dc84f7c76bcf9168b505f6c94') in 0.009431 seconds 
========================================================================
Received Prepare
Registering precompiled user dll's ...
Registered in 0.004821 seconds.
Begin MonoManager ReloadAssembly
Symbol file LoadedFromMemory doesn't match image D:\Privacy\study\ShootingGame_Study\Library\PackageCache\com.unity.visualscripting@1.7.8\Editor\VisualScripting.Core\Dependencies\YamlDotNet\Unity.VisualScripting.YamlDotNet.dll
Symbol file LoadedFromMemory doesn't match image D:\Privacy\study\ShootingGame_Study\Library\PackageCache\com.unity.visualscripting@1.7.8\Editor\VisualScripting.Core\Dependencies\DotNetZip\Unity.VisualScripting.IonicZip.dll
Native extension for WindowsStandalone target not found
Native extension for Android target not found
Refreshing native plugins compatible for Editor in 0.85 ms, found 3 plugins.
Preloading 0 native plugins for Editor in 0.00 ms.
Mono: successfully reloaded assembly
- Completed reload, in  0.997 seconds
Domain Reload Profiling:
	ReloadAssembly (998ms)
		BeginReloadAssembly (119ms)
			ExecutionOrderSort (0ms)
			DisableScriptedObjects (5ms)
			BackupInstance (0ms)
			ReleaseScriptingObjects (0ms)
			CreateAndSetChildDomain (35ms)
		EndReloadAssembly (793ms)
			LoadAssemblies (74ms)
			RebuildTransferFunctionScriptingTraits (0ms)
			SetupTypeCache (281ms)
			ReleaseScriptCaches (1ms)
			RebuildScriptCaches (44ms)
			SetupLoadedEditorAssemblies (335ms)
				LogAssemblyErrors (0ms)
				InitializePlatformSupportModulesInManaged (27ms)
				SetLoadedEditorAssemblies (0ms)
				RefreshPlugins (1ms)
				BeforeProcessingInitializeOnLoad (65ms)
				ProcessInitializeOnLoadAttributes (201ms)
				ProcessInitializeOnLoadMethodAttributes (36ms)
				AfterProcessingInitializeOnLoad (4ms)
				EditorAssembliesLoaded (0ms)
			ExecutionOrderSort2 (0ms)
			AwakeInstancesAfterBackupRestoration (8ms)
Platform modules already initialized, skipping
Refreshing native plugins compatible for Editor in 1.91 ms, found 3 plugins.
Preloading 0 native plugins for Editor in 0.00 ms.
Unloading 3346 Unused Serialized files (Serialized files now loaded: 0)
Unloading 20 unused Assets / (80.3 KB). Loaded Objects now: 3823.
Memory consumption went from 120.7 MB to 120.6 MB.
Total: 2.621400 ms (FindLiveObjects: 0.232800 ms CreateObjectMapping: 0.132300 ms MarkObjects: 2.178700 ms  DeleteObjects: 0.076900 ms)

AssetImportParameters requested are different than current active one (requested -> active):
  custom:video-decoder-ogg-theora: a1e56fd34408186e4bbccfd4996cb3dc -> 
  custom:container-muxer-webm: aa71ff27fc2769a1b78a27578f13a17b -> 
  custom:container-demuxer-webm: 4f35f7cbe854078d1ac9338744f61a02 -> 
  custom:video-encoder-webm-vp8: eb34c28f22e8b96e1ab97ce403110664 -> 
  custom:audio-encoder-webm-vorbis: bf7c407c2cedff20999df2af8eb42d56 -> 
  custom:framework-win-MediaFoundation: 216162199b28c13a410421893ffa2e32 -> 
  custom:container-demuxer-ogg: 62fdf1f143b41e24485cea50d1cbac27 -> 
  custom:video-decoder-webm-vp8: 9c59270c3fd7afecdb556c50c9e8de78 -> 
  custom:audio-decoder-ogg-vorbis: bf7c407c2cedff20999df2af8eb42d56 -> 
========================================================================
Received Import Request.
  Time since last request: 732.124273 seconds.
  path: Assets/Silly/Resources/Citizen/animation/male/melee
  artifactKey: Guid(bb8bf5e091bfe6547800c9f196825ed3) Importer(815301076,1909f56bfc062723c751e8b465ee728b)
Start importing Assets/Silly/Resources/Citizen/animation/male/melee using Guid(bb8bf5e091bfe6547800c9f196825ed3) Importer(815301076,1909f56bfc062723c751e8b465ee728b)  -> (artifact id: '12f2fccb8c5f657508a8a6cee5073372') in 0.010233 seconds 
========================================================================
Received Import Request.
  Time since last request: 16.242947 seconds.
  path: Assets/Silly/Resources/Citizen/model/Female_Citizens_customizable.FBX
  artifactKey: Guid(635cb25ea3f6cc24f93ebb5d3f908585) Importer(815301076,1909f56bfc062723c751e8b465ee728b)
Start importing Assets/Silly/Resources/Citizen/model/Female_Citizens_customizable.FBX using Guid(635cb25ea3f6cc24f93ebb5d3f908585) Importer(815301076,1909f56bfc062723c751e8b465ee728b)  -> (artifact id: 'a9d1a09ca29f876ca814f0e105cba0e3') in 0.676941 seconds 
========================================================================
Received Import Request.
  Time since last request: 0.674270 seconds.
  path: Assets/Silly/Resources/Citizen/model/heads_male
  artifactKey: Guid(926916797c426ab45b0534f04b34c7b4) Importer(815301076,1909f56bfc062723c751e8b465ee728b)
Start importing Assets/Silly/Resources/Citizen/model/heads_male using Guid(926916797c426ab45b0534f04b34c7b4) Importer(815301076,1909f56bfc062723c751e8b465ee728b)  -> (artifact id: '5d48699842532585f0ca1e77f791517c') in 0.004695 seconds 
========================================================================
Received Import Request.
  Time since last request: 44.273398 seconds.
  path: Assets/Silly/Resources/Citizen/model/equipment
  artifactKey: Guid(2a4e2ded8d73e0846b3ef61d43af1283) Importer(815301076,1909f56bfc062723c751e8b465ee728b)
Start importing Assets/Silly/Resources/Citizen/model/equipment using Guid(2a4e2ded8d73e0846b3ef61d43af1283) Importer(815301076,1909f56bfc062723c751e8b465ee728b)  -> (artifact id: '2fb6b7c46f3c71f66ef87e284bf049e3') in 0.004922 seconds 
========================================================================
Received Import Request.
  Time since last request: 0.035937 seconds.
  path: Assets/Silly/Resources/Citizen/model/equipment/w_baseballbat.FBX
  artifactKey: Guid(345a6ff4fb9ff2c43b6730e9277452b5) Importer(815301076,1909f56bfc062723c751e8b465ee728b)
Start importing Assets/Silly/Resources/Citizen/model/equipment/w_baseballbat.FBX using Guid(345a6ff4fb9ff2c43b6730e9277452b5) Importer(815301076,1909f56bfc062723c751e8b465ee728b)  -> (artifact id: '18abbe4d2c4bd73e36170171c566a070') in 0.020258 seconds 
========================================================================
Received Import Request.
  Time since last request: 0.000020 seconds.
  path: Assets/Silly/Resources/Citizen/model/equipment/w_katana.FBX
  artifactKey: Guid(347c09d2cfc8ee9409bf111548cc30f7) Importer(815301076,1909f56bfc062723c751e8b465ee728b)
Start importing Assets/Silly/Resources/Citizen/model/equipment/w_katana.FBX using Guid(347c09d2cfc8ee9409bf111548cc30f7) Importer(815301076,1909f56bfc062723c751e8b465ee728b)  -> (artifact id: 'e60ffeff4c91d0946b13aaf558b4c5d2') in 0.014618 seconds 
========================================================================
Received Import Request.
  Time since last request: 0.000016 seconds.
  path: Assets/Silly/Resources/Citizen/model/equipment/w_m4.FBX
  artifactKey: Guid(020fd0b5b4d2a7744b144f8782b3e455) Importer(815301076,1909f56bfc062723c751e8b465ee728b)
Start importing Assets/Silly/Resources/Citizen/model/equipment/w_m4.FBX using Guid(020fd0b5b4d2a7744b144f8782b3e455) Importer(815301076,1909f56bfc062723c751e8b465ee728b)  -> (artifact id: 'ca704c789a4d459cead1edc037c6da0b') in 0.018952 seconds 
========================================================================
Received Import Request.
  Time since last request: 0.000017 seconds.
  path: Assets/Silly/Resources/Citizen/model/equipment/w_club.FBX
  artifactKey: Guid(0bb815189bfbd9b40949a8a13e057756) Importer(815301076,1909f56bfc062723c751e8b465ee728b)
Start importing Assets/Silly/Resources/Citizen/model/equipment/w_club.FBX using Guid(0bb815189bfbd9b40949a8a13e057756) Importer(815301076,1909f56bfc062723c751e8b465ee728b)  -> (artifact id: 'a86a5ba88ca4b560f474a552f11232c3') in 0.014372 seconds 
========================================================================
Received Import Request.
  Time since last request: 0.000023 seconds.
  path: Assets/Silly/Resources/Citizen/model/equipment/w_policebatton.FBX
  artifactKey: Guid(cb361ba0f8faa13489be36199d13c758) Importer(815301076,1909f56bfc062723c751e8b465ee728b)
Start importing Assets/Silly/Resources/Citizen/model/equipment/w_policebatton.FBX using Guid(cb361ba0f8faa13489be36199d13c758) Importer(815301076,1909f56bfc062723c751e8b465ee728b)  -> (artifact id: 'c18b38b349c34e88e0549758f1612444') in 0.014678 seconds 
========================================================================
Received Import Request.
  Time since last request: 0.000024 seconds.
  path: Assets/Silly/Resources/Citizen/model/equipment/w_hammer.FBX
  artifactKey: Guid(785eeef0aafac024c9ce26695e5e074a) Importer(815301076,1909f56bfc062723c751e8b465ee728b)
Start importing Assets/Silly/Resources/Citizen/model/equipment/w_hammer.FBX using Guid(785eeef0aafac024c9ce26695e5e074a) Importer(815301076,1909f56bfc062723c751e8b465ee728b)  -> (artifact id: '1201f2176594f51cb52012e877052ca9') in 0.015349 seconds 
========================================================================
Received Import Request.
  Time since last request: 0.000019 seconds.
  path: Assets/Silly/Resources/Citizen/model/equipment/w_flipknife.FBX
  artifactKey: Guid(8ed87e13fc717994e8fb56698be687bf) Importer(815301076,1909f56bfc062723c751e8b465ee728b)
Start importing Assets/Silly/Resources/Citizen/model/equipment/w_flipknife.FBX using Guid(8ed87e13fc717994e8fb56698be687bf) Importer(815301076,1909f56bfc062723c751e8b465ee728b)  -> (artifact id: '5fe7c31471eb5dbdadec546cbddf32f5') in 0.016072 seconds 
========================================================================
Received Import Request.
  Time since last request: 0.000017 seconds.
  path: Assets/Silly/Resources/Citizen/model/equipment/w_twobarrel.FBX
  artifactKey: Guid(8fbacbc0e355e2947a28624150349ed5) Importer(815301076,1909f56bfc062723c751e8b465ee728b)
Start importing Assets/Silly/Resources/Citizen/model/equipment/w_twobarrel.FBX using Guid(8fbacbc0e355e2947a28624150349ed5) Importer(815301076,1909f56bfc062723c751e8b465ee728b)  -> (artifact id: '1247d663ae30b71c1a7aa47dc908c032') in 0.014217 seconds 
========================================================================
Received Import Request.
  Time since last request: 0.000015 seconds.
  path: Assets/Silly/Resources/Citizen/model/equipment/w_maul.FBX
  artifactKey: Guid(51e89f364e23f6747811695b56002463) Importer(815301076,1909f56bfc062723c751e8b465ee728b)
Start importing Assets/Silly/Resources/Citizen/model/equipment/w_maul.FBX using Guid(51e89f364e23f6747811695b56002463) Importer(815301076,1909f56bfc062723c751e8b465ee728b)  -> (artifact id: '256ec7ff1e8f9ee18500415495e5d174') in 0.014174 seconds 
========================================================================
Received Import Request.
  Time since last request: 0.000019 seconds.
  path: Assets/Silly/Resources/Citizen/model/equipment/w_pick.FBX
  artifactKey: Guid(a97f51a62eb294a4387e61589ed5a518) Importer(815301076,1909f56bfc062723c751e8b465ee728b)
Start importing Assets/Silly/Resources/Citizen/model/equipment/w_pick.FBX using Guid(a97f51a62eb294a4387e61589ed5a518) Importer(815301076,1909f56bfc062723c751e8b465ee728b)  -> (artifact id: '57a09df2ab7961115ca7309ea8fa0b63') in 0.014146 seconds 
========================================================================
Received Import Request.
  Time since last request: 0.000020 seconds.
  path: Assets/Silly/Resources/Citizen/model/equipment/w_knife.FBX
  artifactKey: Guid(ee7a28619f32ea34c89070f6c81908cf) Importer(815301076,1909f56bfc062723c751e8b465ee728b)
Start importing Assets/Silly/Resources/Citizen/model/equipment/w_knife.FBX using Guid(ee7a28619f32ea34c89070f6c81908cf) Importer(815301076,1909f56bfc062723c751e8b465ee728b)  -> (artifact id: '9defdefa17272fa0f33e171c29b2d45c') in 0.015314 seconds 
========================================================================
Received Import Request.
  Time since last request: 0.000042 seconds.
  path: Assets/Silly/Resources/Citizen/model/equipment/w_heavywrench.FBX
  artifactKey: Guid(ec52cf1698c54e5449bab42c1062f589) Importer(815301076,1909f56bfc062723c751e8b465ee728b)
Start importing Assets/Silly/Resources/Citizen/model/equipment/w_heavywrench.FBX using Guid(ec52cf1698c54e5449bab42c1062f589) Importer(815301076,1909f56bfc062723c751e8b465ee728b)  -> (artifact id: '3b68f709fa97c30686615da13c7b0344') in 0.014515 seconds 
========================================================================
Received Prepare
Registering precompiled user dll's ...
Registered in 0.004646 seconds.
Begin MonoManager ReloadAssembly
Symbol file LoadedFromMemory doesn't match image D:\Privacy\study\ShootingGame_Study\Library\PackageCache\com.unity.visualscripting@1.7.8\Editor\VisualScripting.Core\Dependencies\YamlDotNet\Unity.VisualScripting.YamlDotNet.dll
Symbol file LoadedFromMemory doesn't match image D:\Privacy\study\ShootingGame_Study\Library\PackageCache\com.unity.visualscripting@1.7.8\Editor\VisualScripting.Core\Dependencies\DotNetZip\Unity.VisualScripting.IonicZip.dll
Native extension for WindowsStandalone target not found
Native extension for Android target not found
Refreshing native plugins compatible for Editor in 0.61 ms, found 3 plugins.
Preloading 0 native plugins for Editor in 0.00 ms.
Mono: successfully reloaded assembly
- Completed reload, in  0.986 seconds
Domain Reload Profiling:
	ReloadAssembly (986ms)
		BeginReloadAssembly (128ms)
			ExecutionOrderSort (0ms)
			DisableScriptedObjects (4ms)
			BackupInstance (0ms)
			ReleaseScriptingObjects (0ms)
			CreateAndSetChildDomain (35ms)
		EndReloadAssembly (777ms)
			LoadAssemblies (90ms)
			RebuildTransferFunctionScriptingTraits (0ms)
			SetupTypeCache (271ms)
			ReleaseScriptCaches (1ms)
			RebuildScriptCaches (45ms)
			SetupLoadedEditorAssemblies (332ms)
				LogAssemblyErrors (0ms)
				InitializePlatformSupportModulesInManaged (22ms)
				SetLoadedEditorAssemblies (1ms)
				RefreshPlugins (1ms)
				BeforeProcessingInitializeOnLoad (63ms)
				ProcessInitializeOnLoadAttributes (206ms)
				ProcessInitializeOnLoadMethodAttributes (34ms)
				AfterProcessingInitializeOnLoad (4ms)
				EditorAssembliesLoaded (0ms)
			ExecutionOrderSort2 (0ms)
			AwakeInstancesAfterBackupRestoration (8ms)
Platform modules already initialized, skipping
Refreshing native plugins compatible for Editor in 1.72 ms, found 3 plugins.
Preloading 0 native plugins for Editor in 0.00 ms.
Unloading 3346 Unused Serialized files (Serialized files now loaded: 0)
Unloading 20 unused Assets / (80.2 KB). Loaded Objects now: 3837.
Memory consumption went from 138.1 MB to 138.1 MB.
Total: 3.384100 ms (FindLiveObjects: 0.257100 ms CreateObjectMapping: 0.176400 ms MarkObjects: 2.865800 ms  DeleteObjects: 0.083700 ms)

AssetImportParameters requested are different than current active one (requested -> active):
  custom:video-decoder-ogg-theora: a1e56fd34408186e4bbccfd4996cb3dc -> 
  custom:container-muxer-webm: aa71ff27fc2769a1b78a27578f13a17b -> 
  custom:container-demuxer-webm: 4f35f7cbe854078d1ac9338744f61a02 -> 
  custom:video-encoder-webm-vp8: eb34c28f22e8b96e1ab97ce403110664 -> 
  custom:audio-encoder-webm-vorbis: bf7c407c2cedff20999df2af8eb42d56 -> 
  custom:framework-win-MediaFoundation: 216162199b28c13a410421893ffa2e32 -> 
  custom:container-demuxer-ogg: 62fdf1f143b41e24485cea50d1cbac27 -> 
  custom:video-decoder-webm-vp8: 9c59270c3fd7afecdb556c50c9e8de78 -> 
  custom:audio-decoder-ogg-vorbis: bf7c407c2cedff20999df2af8eb42d56 -> 
========================================================================
Received Prepare
Registering precompiled user dll's ...
Registered in 0.005464 seconds.
Begin MonoManager ReloadAssembly
Symbol file LoadedFromMemory doesn't match image D:\Privacy\study\ShootingGame_Study\Library\PackageCache\com.unity.visualscripting@1.7.8\Editor\VisualScripting.Core\Dependencies\YamlDotNet\Unity.VisualScripting.YamlDotNet.dll
Symbol file LoadedFromMemory doesn't match image D:\Privacy\study\ShootingGame_Study\Library\PackageCache\com.unity.visualscripting@1.7.8\Editor\VisualScripting.Core\Dependencies\DotNetZip\Unity.VisualScripting.IonicZip.dll
Native extension for WindowsStandalone target not found
Native extension for Android target not found
Refreshing native plugins compatible for Editor in 0.82 ms, found 3 plugins.
Preloading 0 native plugins for Editor in 0.00 ms.
Mono: successfully reloaded assembly
- Completed reload, in  1.008 seconds
Domain Reload Profiling:
	ReloadAssembly (1008ms)
		BeginReloadAssembly (134ms)
			ExecutionOrderSort (0ms)
			DisableScriptedObjects (6ms)
			BackupInstance (0ms)
			ReleaseScriptingObjects (0ms)
			CreateAndSetChildDomain (38ms)
		EndReloadAssembly (786ms)
			LoadAssemblies (84ms)
			RebuildTransferFunctionScriptingTraits (0ms)
			SetupTypeCache (275ms)
			ReleaseScriptCaches (1ms)
			RebuildScriptCaches (44ms)
			SetupLoadedEditorAssemblies (334ms)
				LogAssemblyErrors (0ms)
				InitializePlatformSupportModulesInManaged (22ms)
				SetLoadedEditorAssemblies (1ms)
				RefreshPlugins (1ms)
				BeforeProcessingInitializeOnLoad (68ms)
				ProcessInitializeOnLoadAttributes (202ms)
				ProcessInitializeOnLoadMethodAttributes (36ms)
				AfterProcessingInitializeOnLoad (4ms)
				EditorAssembliesLoaded (0ms)
			ExecutionOrderSort2 (0ms)
			AwakeInstancesAfterBackupRestoration (8ms)
Platform modules already initialized, skipping
Refreshing native plugins compatible for Editor in 1.61 ms, found 3 plugins.
Preloading 0 native plugins for Editor in 0.00 ms.
Unloading 3346 Unused Serialized files (Serialized files now loaded: 0)
Unloading 20 unused Assets / (80.3 KB). Loaded Objects now: 3840.
Memory consumption went from 138.2 MB to 138.1 MB.
Total: 2.599200 ms (FindLiveObjects: 0.258200 ms CreateObjectMapping: 0.191100 ms MarkObjects: 2.075900 ms  DeleteObjects: 0.073200 ms)

AssetImportParameters requested are different than current active one (requested -> active):
  custom:video-decoder-ogg-theora: a1e56fd34408186e4bbccfd4996cb3dc -> 
  custom:container-muxer-webm: aa71ff27fc2769a1b78a27578f13a17b -> 
  custom:container-demuxer-webm: 4f35f7cbe854078d1ac9338744f61a02 -> 
  custom:video-encoder-webm-vp8: eb34c28f22e8b96e1ab97ce403110664 -> 
  custom:audio-encoder-webm-vorbis: bf7c407c2cedff20999df2af8eb42d56 -> 
  custom:framework-win-MediaFoundation: 216162199b28c13a410421893ffa2e32 -> 
  custom:container-demuxer-ogg: 62fdf1f143b41e24485cea50d1cbac27 -> 
  custom:video-decoder-webm-vp8: 9c59270c3fd7afecdb556c50c9e8de78 -> 
  custom:audio-decoder-ogg-vorbis: bf7c407c2cedff20999df2af8eb42d56 -> 
Editor requested this worker to shutdown with reason: Scaling down because of idle timeout
AssetImportWorker is now disconnected from the server
Process exiting
Exiting without the bug reporter. Application will terminate with return code 0