Using pre-set license
Built from '2021.3/staging' branch; Version is '2021.3.10f1 (1c7d0df0160b) revision 1867021'; Using compiler version '192829333'; Build Type 'Release'
OS: 'Windows 10  (10.0.19044) 64bit Professional' Language: 'ko' Physical Memory: 16297 MB
BatchMode: 1, IsHumanControllingUs: 0, StartBugReporterOnCrash: 0, Is64bit: 1, IsPro: 1

COMMAND LINE ARGUMENTS:
C:\Program Files\Unity\2021.3.10f1\Editor\Unity.exe
-adb2
-batchMode
-noUpm
-name
AssetImportWorker0
-projectPath
C:/Unity/Study/ShootingGame_Study
-logFile
Logs/AssetImportWorker0.log
-srvPort
1996
Successfully changed project path to: C:/Unity/Study/ShootingGame_Study
C:/Unity/Study/ShootingGame_Study
[UnityMemory] Configuration Parameters - Can be set up in boot.config
    "memorysetup-bucket-allocator-granularity=16"
    "memorysetup-bucket-allocator-bucket-count=8"
    "memorysetup-bucket-allocator-block-size=33554432"
    "memorysetup-bucket-allocator-block-count=8"
    "memorysetup-main-allocator-block-size=16777216"
    "memorysetup-thread-allocator-block-size=16777216"
    "memorysetup-gfx-main-allocator-block-size=16777216"
    "memorysetup-gfx-thread-allocator-block-size=16777216"
    "memorysetup-cache-allocator-block-size=4194304"
    "memorysetup-typetree-allocator-block-size=2097152"
    "memorysetup-profiler-bucket-allocator-granularity=16"
    "memorysetup-profiler-bucket-allocator-bucket-count=8"
    "memorysetup-profiler-bucket-allocator-block-size=33554432"
    "memorysetup-profiler-bucket-allocator-block-count=8"
    "memorysetup-profiler-allocator-block-size=16777216"
    "memorysetup-profiler-editor-allocator-block-size=1048576"
    "memorysetup-temp-allocator-size-main=16777216"
    "memorysetup-job-temp-allocator-block-size=2097152"
    "memorysetup-job-temp-allocator-block-size-background=1048576"
    "memorysetup-job-temp-allocator-reduction-small-platforms=262144"
    "memorysetup-temp-allocator-size-background-worker=32768"
    "memorysetup-temp-allocator-size-job-worker=262144"
    "memorysetup-temp-allocator-size-preload-manager=33554432"
    "memorysetup-temp-allocator-size-nav-mesh-worker=65536"
    "memorysetup-temp-allocator-size-audio-worker=65536"
    "memorysetup-temp-allocator-size-cloud-worker=32768"
    "memorysetup-temp-allocator-size-gi-baking-worker=262144"
    "memorysetup-temp-allocator-size-gfx=262144"
Refreshing native plugins compatible for Editor in 83.32 ms, found 3 plugins.
Preloading 0 native plugins for Editor in 0.00 ms.
Initialize engine version: 2021.3.10f1 (1c7d0df0160b)
[Subsystems] Discovering subsystems at path C:/Program Files/Unity/2021.3.10f1/Editor/Data/Resources/UnitySubsystems
[Subsystems] Discovering subsystems at path C:/Unity/Study/ShootingGame_Study/Assets
GfxDevice: creating device client; threaded=0; jobified=0
Direct3D:
    Version:  Direct3D 11.0 [level 11.1]
    Renderer: NVIDIA GeForce GTX 960 (ID=0x1401)
    Vendor:   NVIDIA
    VRAM:     4053 MB
    Driver:   31.0.15.1694
Initialize mono
Mono path[0] = 'C:/Program Files/Unity/2021.3.10f1/Editor/Data/Managed'
Mono path[1] = 'C:/Program Files/Unity/2021.3.10f1/Editor/Data/MonoBleedingEdge/lib/mono/unityjit-win32'
Mono config path = 'C:/Program Files/Unity/2021.3.10f1/Editor/Data/MonoBleedingEdge/etc'
Using monoOptions --debugger-agent=transport=dt_socket,embedding=1,server=y,suspend=n,address=127.0.0.1:56320
Begin MonoManager ReloadAssembly
Registering precompiled unity dll's ...
Register platform support module: C:/Program Files/Unity/2021.3.10f1/Editor/Data/PlaybackEngines/AndroidPlayer/UnityEditor.Android.Extensions.dll
Register platform support module: C:/Program Files/Unity/2021.3.10f1/Editor/Data/PlaybackEngines/WindowsStandaloneSupport/UnityEditor.WindowsStandalone.Extensions.dll
Registered in 0.008324 seconds.
Native extension for WindowsStandalone target not found
Native extension for Android target not found
Refreshing native plugins compatible for Editor in 84.28 ms, found 3 plugins.
Preloading 0 native plugins for Editor in 0.00 ms.
Mono: successfully reloaded assembly
- Completed reload, in  0.788 seconds
Domain Reload Profiling:
	ReloadAssembly (789ms)
		BeginReloadAssembly (94ms)
			ExecutionOrderSort (0ms)
			DisableScriptedObjects (0ms)
			BackupInstance (0ms)
			ReleaseScriptingObjects (0ms)
			CreateAndSetChildDomain (1ms)
		EndReloadAssembly (555ms)
			LoadAssemblies (91ms)
			RebuildTransferFunctionScriptingTraits (0ms)
			SetupTypeCache (133ms)
			ReleaseScriptCaches (0ms)
			RebuildScriptCaches (33ms)
			SetupLoadedEditorAssemblies (326ms)
				LogAssemblyErrors (0ms)
				InitializePlatformSupportModulesInManaged (73ms)
				SetLoadedEditorAssemblies (0ms)
				RefreshPlugins (84ms)
				BeforeProcessingInitializeOnLoad (1ms)
				ProcessInitializeOnLoadAttributes (111ms)
				ProcessInitializeOnLoadMethodAttributes (57ms)
				AfterProcessingInitializeOnLoad (0ms)
				EditorAssembliesLoaded (0ms)
			ExecutionOrderSort2 (0ms)
			AwakeInstancesAfterBackupRestoration (0ms)
Platform modules already initialized, skipping
Registering precompiled user dll's ...
Registered in 0.007559 seconds.
Begin MonoManager ReloadAssembly
Symbol file LoadedFromMemory doesn't match image C:\Unity\Study\ShootingGame_Study\Library\PackageCache\com.unity.visualscripting@1.7.8\Editor\VisualScripting.Core\Dependencies\YamlDotNet\Unity.VisualScripting.YamlDotNet.dll
Symbol file LoadedFromMemory doesn't match image C:\Unity\Study\ShootingGame_Study\Library\PackageCache\com.unity.visualscripting@1.7.8\Editor\VisualScripting.Core\Dependencies\DotNetZip\Unity.VisualScripting.IonicZip.dll
Native extension for WindowsStandalone target not found
Native extension for Android target not found
Refreshing native plugins compatible for Editor in 0.89 ms, found 3 plugins.
Preloading 0 native plugins for Editor in 0.00 ms.
Mono: successfully reloaded assembly
- Completed reload, in  1.666 seconds
Domain Reload Profiling:
	ReloadAssembly (1667ms)
		BeginReloadAssembly (412ms)
			ExecutionOrderSort (0ms)
			DisableScriptedObjects (14ms)
			BackupInstance (0ms)
			ReleaseScriptingObjects (0ms)
			CreateAndSetChildDomain (154ms)
		EndReloadAssembly (1066ms)
			LoadAssemblies (210ms)
			RebuildTransferFunctionScriptingTraits (0ms)
			SetupTypeCache (333ms)
			ReleaseScriptCaches (1ms)
			RebuildScriptCaches (70ms)
			SetupLoadedEditorAssemblies (476ms)
				LogAssemblyErrors (0ms)
				InitializePlatformSupportModulesInManaged (19ms)
				SetLoadedEditorAssemblies (0ms)
				RefreshPlugins (1ms)
				BeforeProcessingInitializeOnLoad (103ms)
				ProcessInitializeOnLoadAttributes (290ms)
				ProcessInitializeOnLoadMethodAttributes (47ms)
				AfterProcessingInitializeOnLoad (15ms)
				EditorAssembliesLoaded (0ms)
			ExecutionOrderSort2 (0ms)
			AwakeInstancesAfterBackupRestoration (11ms)
Platform modules already initialized, skipping
========================================================================
Worker process is ready to serve import requests
Launched and connected shader compiler UnityShaderCompiler.exe after 0.06 seconds
Refreshing native plugins compatible for Editor in 0.72 ms, found 3 plugins.
Preloading 0 native plugins for Editor in 0.00 ms.
Unloading 3261 Unused Serialized files (Serialized files now loaded: 0)
Unloading 24 unused Assets / (56.1 KB). Loaded Objects now: 3723.
Memory consumption went from 116.3 MB to 116.2 MB.
Total: 4.525900 ms (FindLiveObjects: 0.327400 ms CreateObjectMapping: 0.299600 ms MarkObjects: 3.775800 ms  DeleteObjects: 0.121300 ms)

AssetImportParameters requested are different than current active one (requested -> active):
  custom:video-decoder-ogg-theora: a1e56fd34408186e4bbccfd4996cb3dc -> 
  custom:container-muxer-webm: aa71ff27fc2769a1b78a27578f13a17b -> 
  custom:container-demuxer-webm: 4f35f7cbe854078d1ac9338744f61a02 -> 
  custom:video-encoder-webm-vp8: eb34c28f22e8b96e1ab97ce403110664 -> 
  custom:video-codec-MediaFoundation-h265: 746d11721c4dcdbdad8f713fa42b33f4 -> 
  custom:audio-encoder-webm-vorbis: bf7c407c2cedff20999df2af8eb42d56 -> 
  custom:framework-win-MediaFoundation: 216162199b28c13a410421893ffa2e32 -> 
  custom:container-demuxer-ogg: 62fdf1f143b41e24485cea50d1cbac27 -> 
  custom:video-decoder-webm-vp8: 9c59270c3fd7afecdb556c50c9e8de78 -> 
  custom:audio-decoder-ogg-vorbis: bf7c407c2cedff20999df2af8eb42d56 -> 
========================================================================
Received Import Request.
  Time since last request: 869036.246284 seconds.
  path: Assets/Silly/Scenes
  artifactKey: Guid(6ea315d0fd7389c41b19996891e99ae3) Importer(815301076,1909f56bfc062723c751e8b465ee728b)
Start importing Assets/Silly/Scenes using Guid(6ea315d0fd7389c41b19996891e99ae3) Importer(815301076,1909f56bfc062723c751e8b465ee728b)  -> (artifact id: 'b8193726cff86800c54781cdc6d54904') in 0.012023 seconds 
========================================================================
Received Import Request.
  Time since last request: 0.000028 seconds.
  path: Assets/Silly/Scripts
  artifactKey: Guid(f5ffc82f7941d1142a1cc4624067c5dc) Importer(815301076,1909f56bfc062723c751e8b465ee728b)
Start importing Assets/Silly/Scripts using Guid(f5ffc82f7941d1142a1cc4624067c5dc) Importer(815301076,1909f56bfc062723c751e8b465ee728b)  -> (artifact id: 'e9d3596a3d7c08d5961d7ed5f28eb336') in 0.007835 seconds 
========================================================================
Received Import Request.
  Time since last request: 0.000032 seconds.
  path: Assets/Silly
  artifactKey: Guid(cb15088e5adff214b936ce4375b84cac) Importer(815301076,1909f56bfc062723c751e8b465ee728b)
Start importing Assets/Silly using Guid(cb15088e5adff214b936ce4375b84cac) Importer(815301076,1909f56bfc062723c751e8b465ee728b)  -> (artifact id: '847de9097973ed7453e1e35819942780') in 0.007922 seconds 
========================================================================
Received Import Request.
  Time since last request: 0.000023 seconds.
  path: Assets/Silly/Scenes/Character.unity
  artifactKey: Guid(9fc0d4010bbf28b4594072e72b8655ab) Importer(815301076,1909f56bfc062723c751e8b465ee728b)
Start importing Assets/Silly/Scenes/Character.unity using Guid(9fc0d4010bbf28b4594072e72b8655ab) Importer(815301076,1909f56bfc062723c751e8b465ee728b)  -> (artifact id: 'ebceb495373ded09a2d14d71a8ef4388') in 0.007924 seconds 
========================================================================
Received Prepare
Registering precompiled user dll's ...
Registered in 0.009525 seconds.
Begin MonoManager ReloadAssembly
Symbol file LoadedFromMemory doesn't match image C:\Unity\Study\ShootingGame_Study\Library\PackageCache\com.unity.visualscripting@1.7.8\Editor\VisualScripting.Core\Dependencies\YamlDotNet\Unity.VisualScripting.YamlDotNet.dll
Symbol file LoadedFromMemory doesn't match image C:\Unity\Study\ShootingGame_Study\Library\PackageCache\com.unity.visualscripting@1.7.8\Editor\VisualScripting.Core\Dependencies\DotNetZip\Unity.VisualScripting.IonicZip.dll
Native extension for WindowsStandalone target not found
Native extension for Android target not found
Refreshing native plugins compatible for Editor in 0.68 ms, found 3 plugins.
Preloading 0 native plugins for Editor in 0.00 ms.
Mono: successfully reloaded assembly
- Completed reload, in  1.368 seconds
Domain Reload Profiling:
	ReloadAssembly (1369ms)
		BeginReloadAssembly (172ms)
			ExecutionOrderSort (0ms)
			DisableScriptedObjects (7ms)
			BackupInstance (0ms)
			ReleaseScriptingObjects (0ms)
			CreateAndSetChildDomain (43ms)
		EndReloadAssembly (1056ms)
			LoadAssemblies (123ms)
			RebuildTransferFunctionScriptingTraits (0ms)
			SetupTypeCache (341ms)
			ReleaseScriptCaches (2ms)
			RebuildScriptCaches (59ms)
			SetupLoadedEditorAssemblies (470ms)
				LogAssemblyErrors (0ms)
				InitializePlatformSupportModulesInManaged (32ms)
				SetLoadedEditorAssemblies (1ms)
				RefreshPlugins (1ms)
				BeforeProcessingInitializeOnLoad (87ms)
				ProcessInitializeOnLoadAttributes (290ms)
				ProcessInitializeOnLoadMethodAttributes (43ms)
				AfterProcessingInitializeOnLoad (16ms)
				EditorAssembliesLoaded (0ms)
			ExecutionOrderSort2 (0ms)
			AwakeInstancesAfterBackupRestoration (11ms)
Platform modules already initialized, skipping
Refreshing native plugins compatible for Editor in 2.62 ms, found 3 plugins.
Preloading 0 native plugins for Editor in 0.00 ms.
Unloading 3255 Unused Serialized files (Serialized files now loaded: 0)
Unloading 17 unused Assets / (24.7 KB). Loaded Objects now: 3726.
Memory consumption went from 116.2 MB to 116.1 MB.
Total: 3.903200 ms (FindLiveObjects: 0.370000 ms CreateObjectMapping: 0.300200 ms MarkObjects: 3.203300 ms  DeleteObjects: 0.028100 ms)

AssetImportParameters requested are different than current active one (requested -> active):
  custom:video-decoder-ogg-theora: a1e56fd34408186e4bbccfd4996cb3dc -> 
  custom:container-muxer-webm: aa71ff27fc2769a1b78a27578f13a17b -> 
  custom:container-demuxer-webm: 4f35f7cbe854078d1ac9338744f61a02 -> 
  custom:video-encoder-webm-vp8: eb34c28f22e8b96e1ab97ce403110664 -> 
  custom:video-codec-MediaFoundation-h265: 746d11721c4dcdbdad8f713fa42b33f4 -> 
  custom:audio-encoder-webm-vorbis: bf7c407c2cedff20999df2af8eb42d56 -> 
  custom:framework-win-MediaFoundation: 216162199b28c13a410421893ffa2e32 -> 
  custom:container-demuxer-ogg: 62fdf1f143b41e24485cea50d1cbac27 -> 
  custom:video-decoder-webm-vp8: 9c59270c3fd7afecdb556c50c9e8de78 -> 
  custom:audio-decoder-ogg-vorbis: bf7c407c2cedff20999df2af8eb42d56 -> 
========================================================================
Received Import Request.
  Time since last request: 142.223804 seconds.
  path: Assets/Silly/Resources/Citizen/animation/male/m_death_A.FBX
  artifactKey: Guid(3061d30ff65e31e4693c677f924dcda4) Importer(815301076,1909f56bfc062723c751e8b465ee728b)
Start importing Assets/Silly/Resources/Citizen/animation/male/m_death_A.FBX using Guid(3061d30ff65e31e4693c677f924dcda4) Importer(815301076,1909f56bfc062723c751e8b465ee728b)  -> (artifact id: '731cbb7006913d4a83d08d784b6a8c77') in 0.078739 seconds 
========================================================================
Received Import Request.
  Time since last request: 0.000030 seconds.
  path: Assets/Silly/Resources/Citizen/animation/male/m_throw.FBX
  artifactKey: Guid(4d0c47eb0780bb54c9610b94e63332ee) Importer(815301076,1909f56bfc062723c751e8b465ee728b)
Start importing Assets/Silly/Resources/Citizen/animation/male/m_throw.FBX using Guid(4d0c47eb0780bb54c9610b94e63332ee) Importer(815301076,1909f56bfc062723c751e8b465ee728b)  -> (artifact id: '0eda0c0d7993a912c21f0116d79ea450') in 0.015067 seconds 
========================================================================
Received Import Request.
  Time since last request: 0.000035 seconds.
  path: Assets/Silly/Resources/Citizen/animation/male/m_run.FBX
  artifactKey: Guid(b31f93cc895a16d419f1453a029e3e80) Importer(815301076,1909f56bfc062723c751e8b465ee728b)
Start importing Assets/Silly/Resources/Citizen/animation/male/m_run.FBX using Guid(b31f93cc895a16d419f1453a029e3e80) Importer(815301076,1909f56bfc062723c751e8b465ee728b)  -> (artifact id: 'bc162c9109e0ac71b8eb50b342ca501d') in 0.016356 seconds 
========================================================================
Received Import Request.
  Time since last request: 0.000043 seconds.
  path: Assets/Silly/Resources/Citizen/animation/male/m_death_D.FBX
  artifactKey: Guid(619873dfc9537394ca5d0cdc1ffff64f) Importer(815301076,1909f56bfc062723c751e8b465ee728b)
Start importing Assets/Silly/Resources/Citizen/animation/male/m_death_D.FBX using Guid(619873dfc9537394ca5d0cdc1ffff64f) Importer(815301076,1909f56bfc062723c751e8b465ee728b)  -> (artifact id: 'b27df780c0f3458cec7721f87b15808a') in 0.015819 seconds 
========================================================================
Received Import Request.
  Time since last request: 0.000020 seconds.
  path: Assets/Silly/Resources/Citizen/animation/male/m_panic_run.FBX
  artifactKey: Guid(c4f487ac2fd826e4388ab43e513f0b07) Importer(815301076,1909f56bfc062723c751e8b465ee728b)
Start importing Assets/Silly/Resources/Citizen/animation/male/m_panic_run.FBX using Guid(c4f487ac2fd826e4388ab43e513f0b07) Importer(815301076,1909f56bfc062723c751e8b465ee728b)  -> (artifact id: '88b90d75fdc450a7f6ec3134031d036a') in 0.016379 seconds 
========================================================================
Received Import Request.
  Time since last request: 0.000021 seconds.
  path: Assets/Silly/Resources/Citizen/animation/male/m_panic_idle.FBX
  artifactKey: Guid(00e94a14e7878284db88e69ad11c9d24) Importer(815301076,1909f56bfc062723c751e8b465ee728b)
Start importing Assets/Silly/Resources/Citizen/animation/male/m_panic_idle.FBX using Guid(00e94a14e7878284db88e69ad11c9d24) Importer(815301076,1909f56bfc062723c751e8b465ee728b)  -> (artifact id: 'b111d5b0341e00da1d9a4c6704de1dee') in 0.014757 seconds 
========================================================================
Received Import Request.
  Time since last request: 0.000022 seconds.
  path: Assets/Silly/Resources/Citizen/animation/male/m_talk.FBX
  artifactKey: Guid(918521d8d7e1ee24d956120e3a10a768) Importer(815301076,1909f56bfc062723c751e8b465ee728b)
Start importing Assets/Silly/Resources/Citizen/animation/male/m_talk.FBX using Guid(918521d8d7e1ee24d956120e3a10a768) Importer(815301076,1909f56bfc062723c751e8b465ee728b)  -> (artifact id: '8720ec8a71227e55ba92b92a421ef427') in 0.017043 seconds 
========================================================================
Received Import Request.
  Time since last request: 0.000022 seconds.
  path: Assets/Silly/Resources/Citizen/animation/male/m_run_rm.FBX
  artifactKey: Guid(62fc31284d9bda1448807717ebe8ee09) Importer(815301076,1909f56bfc062723c751e8b465ee728b)
Start importing Assets/Silly/Resources/Citizen/animation/male/m_run_rm.FBX using Guid(62fc31284d9bda1448807717ebe8ee09) Importer(815301076,1909f56bfc062723c751e8b465ee728b)  -> (artifact id: 'd20eaad84279bc9ed32b74aa519aaccf') in 0.015083 seconds 
========================================================================
Received Import Request.
  Time since last request: 0.000038 seconds.
  path: Assets/Silly/Resources/Citizen/animation/male/m_death_B.FBX
  artifactKey: Guid(806ec0f7d7d8bab4cae757b4f11f40bf) Importer(815301076,1909f56bfc062723c751e8b465ee728b)
Start importing Assets/Silly/Resources/Citizen/animation/male/m_death_B.FBX using Guid(806ec0f7d7d8bab4cae757b4f11f40bf) Importer(815301076,1909f56bfc062723c751e8b465ee728b)  -> (artifact id: '8c8cb056b044d8aab06a618995dd39ef') in 0.015442 seconds 
========================================================================
Received Import Request.
  Time since last request: 0.779567 seconds.
  path: Assets/Silly/Resources/Citizen/animation/male/weapon/m_pistol_idle_A.FBX
  artifactKey: Guid(cb0e24956e23e424eba64372f3fba5b5) Importer(815301076,1909f56bfc062723c751e8b465ee728b)
Start importing Assets/Silly/Resources/Citizen/animation/male/weapon/m_pistol_idle_A.FBX using Guid(cb0e24956e23e424eba64372f3fba5b5) Importer(815301076,1909f56bfc062723c751e8b465ee728b)  -> (artifact id: '16528ff6c19af03c2b8be0e2a10b3638') in 0.015412 seconds 
========================================================================
Received Import Request.
  Time since last request: 0.000022 seconds.
  path: Assets/Silly/Resources/Citizen/animation/male/weapon/m_weapon_talk.FBX
  artifactKey: Guid(b6ac990930cf7854ea3fde8f841412e1) Importer(815301076,1909f56bfc062723c751e8b465ee728b)
Start importing Assets/Silly/Resources/Citizen/animation/male/weapon/m_weapon_talk.FBX using Guid(b6ac990930cf7854ea3fde8f841412e1) Importer(815301076,1909f56bfc062723c751e8b465ee728b)  -> (artifact id: '16764e2fb9fafa3180784708a5b44155') in 0.014808 seconds 
========================================================================
Received Import Request.
  Time since last request: 0.000019 seconds.
  path: Assets/Silly/Resources/Citizen/animation/male/weapon/m_weapon_death_C.FBX
  artifactKey: Guid(4d9b9c0ecabc25c4f987d3916ea17b97) Importer(815301076,1909f56bfc062723c751e8b465ee728b)
Start importing Assets/Silly/Resources/Citizen/animation/male/weapon/m_weapon_death_C.FBX using Guid(4d9b9c0ecabc25c4f987d3916ea17b97) Importer(815301076,1909f56bfc062723c751e8b465ee728b)  -> (artifact id: '51f73beabc87b00d352f55874a535422') in 0.015563 seconds 
========================================================================
Received Import Request.
  Time since last request: 0.000021 seconds.
  path: Assets/Silly/Resources/Citizen/animation/male/weapon/m_pistol_walk.FBX
  artifactKey: Guid(1f10c7539080f064c96a295d03fee88a) Importer(815301076,1909f56bfc062723c751e8b465ee728b)
Start importing Assets/Silly/Resources/Citizen/animation/male/weapon/m_pistol_walk.FBX using Guid(1f10c7539080f064c96a295d03fee88a) Importer(815301076,1909f56bfc062723c751e8b465ee728b)  -> (artifact id: '84a7f9c39dc525727bd2a79db7a875cc') in 0.014290 seconds 
========================================================================
Received Import Request.
  Time since last request: 0.000027 seconds.
  path: Assets/Silly/Resources/Citizen/animation/male/weapon/m_pistol_shoot.FBX
  artifactKey: Guid(57d93683b7fd2bc48a79943fed30d037) Importer(815301076,1909f56bfc062723c751e8b465ee728b)
Start importing Assets/Silly/Resources/Citizen/animation/male/weapon/m_pistol_shoot.FBX using Guid(57d93683b7fd2bc48a79943fed30d037) Importer(815301076,1909f56bfc062723c751e8b465ee728b)  -> (artifact id: '9fa7090a1831c72673fd07b7019841e1') in 0.015394 seconds 
========================================================================
Received Import Request.
  Time since last request: 0.000031 seconds.
  path: Assets/Silly/Resources/Citizen/animation/male/weapon/m_weapon_jump_A_start.FBX
  artifactKey: Guid(9c96698242b2f8749b39ed030821b1d4) Importer(815301076,1909f56bfc062723c751e8b465ee728b)
Start importing Assets/Silly/Resources/Citizen/animation/male/weapon/m_weapon_jump_A_start.FBX using Guid(9c96698242b2f8749b39ed030821b1d4) Importer(815301076,1909f56bfc062723c751e8b465ee728b)  -> (artifact id: '7cdf424bac59acc8c2721f6184d84003') in 0.016784 seconds 
========================================================================
Received Import Request.
  Time since last request: 0.000030 seconds.
  path: Assets/Silly/Resources/Citizen/animation/male/weapon/m_weapon_death_D.FBX
  artifactKey: Guid(940d3c6bd3ecd07479546ef75b49ecd9) Importer(815301076,1909f56bfc062723c751e8b465ee728b)
Start importing Assets/Silly/Resources/Citizen/animation/male/weapon/m_weapon_death_D.FBX using Guid(940d3c6bd3ecd07479546ef75b49ecd9) Importer(815301076,1909f56bfc062723c751e8b465ee728b)  -> (artifact id: '97ce31317bac4ed12fbb3201f019711d') in 0.015339 seconds 
========================================================================
Received Import Request.
  Time since last request: 0.000025 seconds.
  path: Assets/Silly/Resources/Citizen/animation/male/weapon/m_weapon_damage.FBX
  artifactKey: Guid(7bb6f2373a9c2a54f8af91f09f74e7d1) Importer(815301076,1909f56bfc062723c751e8b465ee728b)
Start importing Assets/Silly/Resources/Citizen/animation/male/weapon/m_weapon_damage.FBX using Guid(7bb6f2373a9c2a54f8af91f09f74e7d1) Importer(815301076,1909f56bfc062723c751e8b465ee728b)  -> (artifact id: 'a9f634a293ef5aa42d369bae7e2a1d33') in 0.015847 seconds 
========================================================================
Received Import Request.
  Time since last request: 0.000035 seconds.
  path: Assets/Silly/Resources/Citizen/animation/male/weapon/m_weapon_shoot_burst.FBX
  artifactKey: Guid(e9ba4f184f0c984419e84da7be09655e) Importer(815301076,1909f56bfc062723c751e8b465ee728b)
Start importing Assets/Silly/Resources/Citizen/animation/male/weapon/m_weapon_shoot_burst.FBX using Guid(e9ba4f184f0c984419e84da7be09655e) Importer(815301076,1909f56bfc062723c751e8b465ee728b)  -> (artifact id: 'b4ed8d6dba2a74b616ead86504c9de74') in 0.018170 seconds 
========================================================================
Received Import Request.
  Time since last request: 0.000026 seconds.
  path: Assets/Silly/Resources/Citizen/animation/male/weapon/m_weapon_walk_rm.FBX
  artifactKey: Guid(ab3c86132abfc2c4bac371fa8f4ebea4) Importer(815301076,1909f56bfc062723c751e8b465ee728b)
Start importing Assets/Silly/Resources/Citizen/animation/male/weapon/m_weapon_walk_rm.FBX using Guid(ab3c86132abfc2c4bac371fa8f4ebea4) Importer(815301076,1909f56bfc062723c751e8b465ee728b)  -> (artifact id: 'b8b4ca4bb9012d89f9fd36aac7e68fb2') in 0.016206 seconds 
========================================================================
Received Import Request.
  Time since last request: 0.000029 seconds.
  path: Assets/Silly/Resources/Citizen/animation/male/weapon/m_weapon_interact_B.FBX
  artifactKey: Guid(dc7ff8124c1da344f96a94a4541c167d) Importer(815301076,1909f56bfc062723c751e8b465ee728b)
Start importing Assets/Silly/Resources/Citizen/animation/male/weapon/m_weapon_interact_B.FBX using Guid(dc7ff8124c1da344f96a94a4541c167d) Importer(815301076,1909f56bfc062723c751e8b465ee728b)  -> (artifact id: '35a9635ec725af6009efcc9e9937ed42') in 0.017009 seconds 
========================================================================
Received Import Request.
  Time since last request: 0.000030 seconds.
  path: Assets/Silly/Resources/Citizen/animation/male/weapon/m_weapon_draw.FBX
  artifactKey: Guid(df42d796a6161cd4783620b64c0c20a0) Importer(815301076,1909f56bfc062723c751e8b465ee728b)
Start importing Assets/Silly/Resources/Citizen/animation/male/weapon/m_weapon_draw.FBX using Guid(df42d796a6161cd4783620b64c0c20a0) Importer(815301076,1909f56bfc062723c751e8b465ee728b)  -> (artifact id: '57eb69db0899f9f98dedbea4495b3fd5') in 0.015391 seconds 
========================================================================
Received Import Request.
  Time since last request: 0.000035 seconds.
  path: Assets/Silly/Resources/Citizen/animation/male/weapon/m_pistol_walk_rm.FBX
  artifactKey: Guid(d8eb8d660a112404b89d369fb27d3ca0) Importer(815301076,1909f56bfc062723c751e8b465ee728b)
Start importing Assets/Silly/Resources/Citizen/animation/male/weapon/m_pistol_walk_rm.FBX using Guid(d8eb8d660a112404b89d369fb27d3ca0) Importer(815301076,1909f56bfc062723c751e8b465ee728b)  -> (artifact id: '16dc5b99487b874d445aceb0a91d6bc3') in 0.016056 seconds 
========================================================================
Received Import Request.
  Time since last request: 0.000031 seconds.
  path: Assets/Silly/Resources/Citizen/animation/male/weapon/m_weapon_shoot.FBX
  artifactKey: Guid(6a89ff4672b324f4189cdc900d50d34d) Importer(815301076,1909f56bfc062723c751e8b465ee728b)
Start importing Assets/Silly/Resources/Citizen/animation/male/weapon/m_weapon_shoot.FBX using Guid(6a89ff4672b324f4189cdc900d50d34d) Importer(815301076,1909f56bfc062723c751e8b465ee728b)  -> (artifact id: '787985250d232e3ac7c6c30c8f5dbbed') in 0.014398 seconds 
========================================================================
Received Import Request.
  Time since last request: 0.000027 seconds.
  path: Assets/Silly/Resources/Citizen/animation/male/weapon/m_pistol_idle_B.FBX
  artifactKey: Guid(db62f007441e6604ebe173c8d5af0939) Importer(815301076,1909f56bfc062723c751e8b465ee728b)
Start importing Assets/Silly/Resources/Citizen/animation/male/weapon/m_pistol_idle_B.FBX using Guid(db62f007441e6604ebe173c8d5af0939) Importer(815301076,1909f56bfc062723c751e8b465ee728b)  -> (artifact id: 'ff2b85b17c8045f2bf1eb12b061caa68') in 0.015579 seconds 
========================================================================
Received Import Request.
  Time since last request: 0.000025 seconds.
  path: Assets/Silly/Resources/Citizen/animation/male/weapon/m_pistol_run_rm.FBX
  artifactKey: Guid(fe50f67488b564c448893c1999d9dd6d) Importer(815301076,1909f56bfc062723c751e8b465ee728b)
Start importing Assets/Silly/Resources/Citizen/animation/male/weapon/m_pistol_run_rm.FBX using Guid(fe50f67488b564c448893c1999d9dd6d) Importer(815301076,1909f56bfc062723c751e8b465ee728b)  -> (artifact id: '15883a4c2ff1095dd12a619d57c2fc3d') in 0.015624 seconds 
========================================================================
Received Prepare
Registering precompiled user dll's ...
Registered in 0.009895 seconds.
Begin MonoManager ReloadAssembly
Symbol file LoadedFromMemory doesn't match image C:\Unity\Study\ShootingGame_Study\Library\PackageCache\com.unity.visualscripting@1.7.8\Editor\VisualScripting.Core\Dependencies\YamlDotNet\Unity.VisualScripting.YamlDotNet.dll
Symbol file LoadedFromMemory doesn't match image C:\Unity\Study\ShootingGame_Study\Library\PackageCache\com.unity.visualscripting@1.7.8\Editor\VisualScripting.Core\Dependencies\DotNetZip\Unity.VisualScripting.IonicZip.dll
Native extension for WindowsStandalone target not found
Native extension for Android target not found
Refreshing native plugins compatible for Editor in 1.12 ms, found 3 plugins.
Preloading 0 native plugins for Editor in 0.00 ms.
Mono: successfully reloaded assembly
- Completed reload, in  1.347 seconds
Domain Reload Profiling:
	ReloadAssembly (1348ms)
		BeginReloadAssembly (177ms)
			ExecutionOrderSort (0ms)
			DisableScriptedObjects (6ms)
			BackupInstance (0ms)
			ReleaseScriptingObjects (0ms)
			CreateAndSetChildDomain (49ms)
		EndReloadAssembly (1021ms)
			LoadAssemblies (118ms)
			RebuildTransferFunctionScriptingTraits (0ms)
			SetupTypeCache (327ms)
			ReleaseScriptCaches (1ms)
			RebuildScriptCaches (58ms)
			SetupLoadedEditorAssemblies (456ms)
				LogAssemblyErrors (0ms)
				InitializePlatformSupportModulesInManaged (29ms)
				SetLoadedEditorAssemblies (1ms)
				RefreshPlugins (1ms)
				BeforeProcessingInitializeOnLoad (87ms)
				ProcessInitializeOnLoadAttributes (277ms)
				ProcessInitializeOnLoadMethodAttributes (43ms)
				AfterProcessingInitializeOnLoad (17ms)
				EditorAssembliesLoaded (0ms)
			ExecutionOrderSort2 (0ms)
			AwakeInstancesAfterBackupRestoration (12ms)
Platform modules already initialized, skipping
Refreshing native plugins compatible for Editor in 3.08 ms, found 3 plugins.
Preloading 0 native plugins for Editor in 0.00 ms.
Unloading 3255 Unused Serialized files (Serialized files now loaded: 0)
Unloading 17 unused Assets / (24.7 KB). Loaded Objects now: 3730.
Memory consumption went from 116.3 MB to 116.2 MB.
Total: 4.197000 ms (FindLiveObjects: 0.379900 ms CreateObjectMapping: 0.388000 ms MarkObjects: 3.398300 ms  DeleteObjects: 0.029600 ms)

AssetImportParameters requested are different than current active one (requested -> active):
  custom:video-decoder-ogg-theora: a1e56fd34408186e4bbccfd4996cb3dc -> 
  custom:container-muxer-webm: aa71ff27fc2769a1b78a27578f13a17b -> 
  custom:container-demuxer-webm: 4f35f7cbe854078d1ac9338744f61a02 -> 
  custom:video-encoder-webm-vp8: eb34c28f22e8b96e1ab97ce403110664 -> 
  custom:video-codec-MediaFoundation-h265: 746d11721c4dcdbdad8f713fa42b33f4 -> 
  custom:audio-encoder-webm-vorbis: bf7c407c2cedff20999df2af8eb42d56 -> 
  custom:framework-win-MediaFoundation: 216162199b28c13a410421893ffa2e32 -> 
  custom:container-demuxer-ogg: 62fdf1f143b41e24485cea50d1cbac27 -> 
  custom:video-decoder-webm-vp8: 9c59270c3fd7afecdb556c50c9e8de78 -> 
  custom:audio-decoder-ogg-vorbis: bf7c407c2cedff20999df2af8eb42d56 -> 
Editor requested this worker to shutdown with reason: Scaling down because of idle timeout
AssetImportWorker is now disconnected from the server
Process exiting
Exiting without the bug reporter. Application will terminate with return code 0